2023-03-10 15:30:18 [INFO ] (root) - Bot Initialisation ...
2023-03-10 15:30:18 [INFO ] (root) - Bot Strarting ...
2023-03-10 15:30:21 [INFO ] (root) - Bot started!
2023-03-10 15:30:21 [INFO ] (root) - Bot Initializationed!
2023-03-10 15:30:21 [DEBUG] (root) - [Shard 1] started
2023-03-10 15:30:27 [DEBUG] (root) - [Shard 2] started
2023-03-10 15:30:27 [INFO ] (root) - FERTIG
2023-03-10 15:30:27 [DEBUG] (root) - [Shard 1]: Guilds: 0
2023-03-10 15:30:27 [DEBUG] (root) - [Shard 2]: Guilds: 1
2023-03-10 15:33:13 [INFO ] (root) - Bot Initialisation ...
2023-03-10 15:33:13 [INFO ] (root) - Bot Strarting ...
2023-03-10 15:33:16 [INFO ] (root) - Bot started!
2023-03-10 15:33:16 [INFO ] (root) - Bot Initializationed!
2023-03-10 15:33:16 [DEBUG] (root) - [Shard 1] started
2023-03-10 15:33:22 [DEBUG] (root) - [Shard 2] started
2023-03-10 15:33:22 [INFO ] (root) - FERTIG
2023-03-10 15:33:22 [DEBUG] (root) - [Shard 1]: Guilds: 0
2023-03-10 15:33:22 [DEBUG] (root) - [Shard 2]: Guilds: 1
2023-03-10 15:37:49 [INFO ] (root) - Bot Initialisation ...
2023-03-10 15:37:49 [INFO ] (root) - Bot Strarting ...
2023-03-10 15:37:51 [INFO ] (root) - Bot started!
2023-03-10 15:37:51 [INFO ] (root) - Bot Initializationed!
2023-03-10 15:37:52 [DEBUG] (root) - [Shard 1] started
2023-03-10 15:37:57 [DEBUG] (root) - [Shard 2] started
2023-03-10 15:37:57 [INFO ] (root) - FERTIG
2023-03-10 15:37:57 [DEBUG] (root) - [Shard 1]: Guilds: 0
2023-03-10 15:37:57 [DEBUG] (root) - [Shard 2]: Guilds: 1
2023-03-10 15:46:56 [INFO ] (root) - Bot Initialisation ...
2023-03-10 15:46:56 [INFO ] (root) - Bot Strarting ...
2023-03-10 15:46:59 [INFO ] (root) - Bot started!
2023-03-10 15:46:59 [INFO ] (root) - Bot Initializationed!
2023-03-10 15:46:59 [DEBUG] (root) - [Shard 1] started
2023-03-10 15:47:05 [DEBUG] (root) - [Shard 2] started
2023-03-10 15:47:05 [INFO ] (root) - FERTIG
2023-03-10 15:47:05 [DEBUG] (root) - [Shard 1]: Guilds: 0
2023-03-10 15:47:05 [DEBUG] (root) - [Shard 2]: Guilds: 1
2023-03-10 15:50:47 [INFO ] (root) - Bot Initialisation ...
2023-03-10 15:50:47 [INFO ] (root) - Bot Strarting ...
2023-03-10 15:50:49 [INFO ] (root) - Bot started!
2023-03-10 15:50:49 [INFO ] (root) - Bot Initializationed!
2023-03-10 15:50:50 [DEBUG] (root) - [Shard 1] started
2023-03-10 15:50:55 [DEBUG] (root) - [Shard 2] started
2023-03-10 15:50:55 [INFO ] (root) - FERTIG
2023-03-10 15:50:55 [DEBUG] (root) - [Shard 1]: Guilds: 0
2023-03-10 15:50:55 [DEBUG] (root) - [Shard 2]: Guilds: 1
2023-03-10 15:55:24 [INFO ] (root) - Bot Initialisation ...
2023-03-10 15:55:24 [INFO ] (root) - Bot Strarting ...
2023-03-10 15:55:26 [INFO ] (root) - Bot started!
2023-03-10 15:55:26 [INFO ] (root) - Bot Initializationed!
2023-03-10 15:55:27 [DEBUG] (root) - [Shard 1] started
2023-03-10 15:55:32 [DEBUG] (root) - [Shard 2] started
2023-03-10 15:55:32 [INFO ] (root) - FERTIG
2023-03-10 15:55:32 [DEBUG] (root) - [Shard 1]: Guilds: 0
2023-03-10 15:55:32 [DEBUG] (root) - [Shard 2]: Guilds: 1
2023-03-10 15:57:17 [INFO ] (root) - Bot Initialisation ...
2023-03-10 15:57:17 [INFO ] (root) - Bot Strarting ...
2023-03-10 15:57:20 [INFO ] (root) - Bot started!
2023-03-10 15:57:20 [INFO ] (root) - Bot Initializationed!
2023-03-10 15:57:21 [DEBUG] (root) - [Shard 1] started
2023-03-10 15:57:26 [DEBUG] (root) - [Shard 2] started
2023-03-10 15:57:26 [INFO ] (root) - FERTIG
2023-03-10 15:57:26 [DEBUG] (root) - [Shard 1]: Guilds: 0
2023-03-10 15:57:26 [DEBUG] (root) - [Shard 2]: Guilds: 1
